PRT1
25
40
4 0 2 (3644.010254 1024 32 ) (3644.010254 1024 639.359985 ) (3072 1024 639.359985 ) (3072 1024 32 ) 
4 0 1 (3072 1024 32 ) (3072 1024 639.359985 ) (3072 1085.099976 639.359985 ) (3072 1085.099976 32 ) 
4 1 4 (2048 1024 32 ) (2048 1024 639.359985 ) (2048 1085.099976 639.359985 ) (2048 1085.099976 32 ) 
4 1 3 (3072 1024 32 ) (3072 1024 639.359985 ) (2048 1024 639.359985 ) (2048 1024 32 ) 
4 2 10 (3644.010254 0 32 ) (3644.010254 0 639.359985 ) (3072 0 639.359985 ) (3072 0 32 ) 
4 2 3 (3072 1024 639.359985 ) (3072 1024 32 ) (3072 0 32 ) (3072 0 639.359985 ) 
4 3 11 (3072 0 32 ) (3072 0 639.359985 ) (2048 0 639.359985 ) (2048 0 32 ) 
4 3 6 (2048 0 32 ) (2048 0 639.359985 ) (2048 1024 639.359985 ) (2048 1024 32 ) 
4 4 6 (2048 1024 32 ) (2048 1024 639.359985 ) (1024 1024 639.359985 ) (1024 1024 32 ) 
4 4 5 (1024 1024 32 ) (1024 1024 639.359985 ) (1024 1085.099976 639.359985 ) (1024 1085.099976 32 ) 
4 5 8 (0 1024 32 ) (0 1024 639.359985 ) (0 1085.099976 639.359985 ) (0 1085.099976 32 ) 
4 5 7 (0 1024 639.359985 ) (0 1024 32 ) (1024 1024 32 ) (1024 1024 639.359985 ) 
4 6 16 (2048 0 32 ) (2048 0 639.359985 ) (1024 0 639.359985 ) (1024 0 32 ) 
4 6 7 (1024 1024 639.359985 ) (1024 1024 32 ) (1024 0 32 ) (1024 0 639.359985 ) 
4 7 17 (1024 0 32 ) (1024 0 639.359985 ) (0 0 639.359985 ) (0 0 32 ) 
4 7 9 (0 0 32 ) (0 0 639.359985 ) (0 1024 639.359985 ) (0 1024 32 ) 
4 8 9 (0 1024 32 ) (0 1024 639.359985 ) (-444 1024 639.359985 ) (-444 1024 32 ) 
4 9 20 (0 0 32 ) (0 0 639.359985 ) (-444 0 639.359985 ) (-444 0 32 ) 
4 10 12 (3644.010254 -1024 32 ) (3644.010254 -1024 639.359985 ) (3072 -1024 639.359985 ) (3072 -1024 32 ) 
4 10 11 (3072 0 639.359985 ) (3072 0 32 ) (3072 -1024 32 ) (3072 -1024 639.359985 ) 
4 11 16 (2048 0 639.359985 ) (2048 0 32 ) (2048 -1024 32 ) (2048 -1024 639.359985 ) 
4 11 13 (3072 -1024 32 ) (3072 -1024 639.359985 ) (2048 -1024 639.359985 ) (2048 -1024 32 ) 
4 12 14 (3644.010254 -2048 32 ) (3644.010254 -2048 639.359985 ) (3072 -2048 639.359985 ) (3072 -2048 32 ) 
4 12 13 (3072 -1024 639.359985 ) (3072 -1024 32 ) (3072 -2048 32 ) (3072 -2048 639.359985 ) 
4 13 18 (2048 -2048 32 ) (2048 -2048 639.359985 ) (2048 -1024 639.359985 ) (2048 -1024 32 ) 
4 13 15 (3072 -2048 32 ) (3072 -2048 639.359985 ) (2048 -2048 639.359985 ) (2048 -2048 32 ) 
4 14 15 (3072 -2048 639.359985 ) (3072 -2048 32 ) (3072 -2623.100098 32 ) (3072 -2623.100098 639.359985 ) 
4 15 22 (2048 -2623.100098 32 ) (2048 -2623.100098 639.359985 ) (2048 -2048 639.359985 ) (2048 -2048 32 ) 
4 16 18 (2048 -1024 32 ) (2048 -1024 639.359985 ) (1024 -1024 639.359985 ) (1024 -1024 32 ) 
4 16 17 (1024 0 639.359985 ) (1024 0 32 ) (1024 -1024 32 ) (1024 -1024 639.359985 ) 
4 17 20 (0 0 639.359985 ) (0 0 32 ) (0 -1024 32 ) (0 -1024 639.359985 ) 
4 17 19 (1024 -1024 32 ) (1024 -1024 639.359985 ) (0 -1024 639.359985 ) (0 -1024 32 ) 
4 18 22 (2048 -2048 32 ) (2048 -2048 639.359985 ) (1024 -2048 639.359985 ) (1024 -2048 32 ) 
4 18 19 (1024 -1024 639.359985 ) (1024 -1024 32 ) (1024 -2048 32 ) (1024 -2048 639.359985 ) 
4 19 23 (1024 -2048 32 ) (1024 -2048 639.359985 ) (0 -2048 639.359985 ) (0 -2048 32 ) 
4 19 21 (0 -2048 32 ) (0 -2048 639.359985 ) (0 -1024 639.359985 ) (0 -1024 32 ) 
4 20 21 (0 -1024 32 ) (0 -1024 639.359985 ) (-444 -1024 639.359985 ) (-444 -1024 32 ) 
4 21 24 (0 -2048 32 ) (0 -2048 639.359985 ) (-444 -2048 639.359985 ) (-444 -2048 32 ) 
4 22 23 (1024 -2048 639.359985 ) (1024 -2048 32 ) (1024 -2623.100098 32 ) (1024 -2623.100098 639.359985 ) 
4 23 24 (0 -2048 639.359985 ) (0 -2048 32 ) (0 -2623.100098 32 ) (0 -2623.100098 639.359985 ) 
