


materialPath: D:\Program Files (x86)\Steam\steamapps\common\Counter-Strike Global Offensive\csgo\materials
Loading C:\Users\Home\Desktop\git\SourceMapProjects\CSGO\de_promnight.vmf
Map revision 2
fixing up env_cubemap materials on brush sides...
0...1...2...3...4...5...6...7...8...9...100...1...2...3...4...5...6...7...8...9...10Processing areas...done (0)
Building Faces...done (0)
FixTjuncs...
PruneNodes...
WriteBSP...
done (0)
writing C:\Users\Home\Desktop\git\SourceMapProjects\CSGO\de_promnight.prt...Building visibility clusters...
done (0)
Finding displacement neighbors...
Finding lightmap sample positions...
Displacement Alpha : 0...1...2...3...4...5...6...7...8...9...10
Building Physics collision data...
done (0) (2695 bytes)
Placing detail props : 0...1...2...3...4...5...6...7...8...9...10
Compacting texture/material tables...
Reduced 6 texinfos to 2
Reduced 2 texdatas to 2 (36 bytes to 36)
Writing C:\Users\Home\Desktop\git\SourceMapProjects\CSGO\de_promnight.bsp
MSG_FILEWRITE - Filesystem was asked to write to 'c:\users\home\desktop\git\sourcemapprojects\csgo\de_promnight.bsp', but we don't own that location. Allowing.
1 second elapsed



2 threads
reading c:\users\home\desktop\git\sourcemapprojects\csgo\de_promnight.bsp
reading c:\users\home\desktop\git\sourcemapprojects\csgo\de_promnight.prt
  25 portalclusters
  40 numportals
0...1...2...3...4...5...6...7...8...9...10Optimized: 0 visible clusters (0.00%)
Total clusters visible: 625
Average clusters visible: 25
Building PAS...
Average clusters audible: 25
visdatasize:404  compressed from 400
writing c:\users\home\desktop\git\sourcemapprojects\csgo\de_promnight.bsp
MSG_FILEWRITE - Filesystem was asked to write to 'c:\users\home\desktop\git\sourcemapprojects\csgo\de_promnight.bsp', but we don't own that location. Allowing.
0 seconds elapsed



[Reading texlights from 'lights.rad']
[17 texlights parsed from 'lights.rad']

Loading c:\users\home\desktop\git\sourcemapprojects\csgo\de_promnight.bsp
189 faces
276378 square feet [39798512.00 square inches]
0 Displacements
0 Square Feet [0.00 Square Inches]
189 patches before subdivision
8457 patches after subdivision
2 direct lights
0...1...2...3...4...5...6...7...8...9...100...1...2...3...4...5...6...7...8...9...10transfers 10177, max 264
transfer lists:   0.1 megs
0...1...2...3...4...5...6...7...8...9...10	Bounce #1 added RGB(0, 0, 0)
Build Patch/Sample Hash Table(s).....Done<0.0062 sec>
0...1...2...3...4...5...6...7...8...9...10FinalLightFace Done
0 of 0 (0% of) surface lights went in leaf ambient cubes.
0...1...2...3...4...5...6...7...8...9...10Writing leaf ambient...done
Ready to Finish

Object names       Objects/Maxobjs  Memory / Maxmem  Fullness 
------------       ---------------  ---------------  -------- 
models                   1/1024           48/49152    ( 0.1%) 
brushes                  7/8192           84/98304    ( 0.1%) 
brushsides              42/81920         336/655360   ( 0.1%) 
planes                  56/65536        1120/1310720  ( 0.1%) 
vertexes               226/65536        2712/786432   ( 0.3%) 
nodes                  108/65536        3456/2097152  ( 0.2%) 
texinfos                 2/12288         144/884736   ( 0.0%) 
texdata                  2/4096           64/131072   ( 0.0%) 
dispinfos                0/0               0/0        ( 0.0%) 
disp_verts               0/0               0/0        ( 0.0%) 
disp_tris                0/0               0/0        ( 0.0%) 
disp_multiblend          0/0               0/0        ( 0.0%) 
disp_lmsamples           0/0               0/0        ( 0.0%) 
faces                  189/65536       10584/3670016  ( 0.3%) 
hdr faces                0/65536           0/3670016  ( 0.0%) 
origfaces                6/65536         336/3670016  ( 0.0%) 
facebrushes              0/0               0/0        ( 0.0%) 
facebrushlists         189/0             756/0        ( 0.0%) 
leaves                 110/65536        3520/2097152  ( 0.2%) 
leaffaces              189/65536         378/131072   ( 0.3%) 
leafbrushes            104/65536         208/131072   ( 0.2%) 
areas                    2/1024           16/8192     ( 0.2%) 
surfedges              808/512000       3232/2048000  ( 0.2%) 
edges                  417/256000       1668/1024000  ( 0.2%) 
LDR worldlights          2/8192          200/819200   ( 0.0%) 
HDR worldlights          0/8192            0/819200   ( 0.0%) 
leafwaterdata            0/32768           0/393216   ( 0.0%) 
waterstrips              0/32768           0/327680   ( 0.0%) 
waterverts               0/65536           0/786432   ( 0.0%) 
waterindices             0/65536           0/131072   ( 0.0%) 
cubemapsamples           0/1024            0/16384    ( 0.0%) 
overlays                 0/1024            0/360448   ( 0.0%) 
LDR lightdata         [variable]      536424/0        ( 0.0%) 
HDR lightdata         [variable]           0/0        ( 0.0%) 
visdata               [variable]         404/16777216 ( 0.0%) 
entdata               [variable]         754/393216   ( 0.2%) 
LDR ambient table      110/65536         440/262144   ( 0.2%) 
HDR ambient table      110/65536         440/262144   ( 0.2%) 
LDR leaf ambient       280/65536        7840/1835008  ( 0.4%) 
HDR leaf ambient       110/65536        3080/1835008  ( 0.2%) 
occluders                0/0               0/0        ( 0.0%) 
occluder polygons        0/0               0/0        ( 0.0%) 
occluder vert ind        0/0               0/0        ( 0.0%) 
detail props          [variable]           1/12       ( 8.3%) 
static props          [variable]           1/12       ( 8.3%) 
pakfile               [variable]       74446/0        ( 0.0%) 
physics               [variable]        2695/4194304  ( 0.1%) 
physics terrain       [variable]           2/1048576  ( 0.0%) 

Level flags = 7c

Total triangle count: 406
Writing c:\users\home\desktop\git\sourcemapprojects\csgo\de_promnight.bsp
MSG_FILEWRITE - Filesystem was asked to write to 'c:\users\home\desktop\git\sourcemapprojects\csgo\de_promnight.bsp', but we don't own that location. Allowing.
1 second elapsed



[Reading texlights from 'lights.rad']
[17 texlights parsed from 'lights.rad']

Loading c:\users\home\desktop\git\sourcemapprojects\csgo\de_promnight.bsp
189 faces
276378 square feet [39798512.00 square inches]
0 Displacements
0 Square Feet [0.00 Square Inches]
189 patches before subdivision
8457 patches after subdivision
2 direct lights
0...1...2...3...4...5...6...7...8...9...100...1...2...3...4...5...6...7...8...9...10transfers 10177, max 264
transfer lists:   0.1 megs
0...1...2...3...4...5...6...7...8...9...10	Bounce #1 added RGB(0, 0, 0)
Build Patch/Sample Hash Table(s).....Done<0.0073 sec>
0...1...2...3...4...5...6...7...8...9...10FinalLightFace Done
0 of 0 (0% of) surface lights went in leaf ambient cubes.
0...1...2...3...4...5...6...7...8...9...10Writing leaf ambient...done
Ready to Finish

Object names       Objects/Maxobjs  Memory / Maxmem  Fullness 
------------       ---------------  ---------------  -------- 
models                   1/1024           48/49152    ( 0.1%) 
brushes                  7/8192           84/98304    ( 0.1%) 
brushsides              42/81920         336/655360   ( 0.1%) 
planes                  56/65536        1120/1310720  ( 0.1%) 
vertexes               226/65536        2712/786432   ( 0.3%) 
nodes                  108/65536        3456/2097152  ( 0.2%) 
texinfos                 2/12288         144/884736   ( 0.0%) 
texdata                  2/4096           64/131072   ( 0.0%) 
dispinfos                0/0               0/0        ( 0.0%) 
disp_verts               0/0               0/0        ( 0.0%) 
disp_tris                0/0               0/0        ( 0.0%) 
disp_multiblend          0/0               0/0        ( 0.0%) 
disp_lmsamples           0/0               0/0        ( 0.0%) 
faces                  189/65536       10584/3670016  ( 0.3%) 
hdr faces              189/65536       10584/3670016  ( 0.3%) 
origfaces                6/65536         336/3670016  ( 0.0%) 
facebrushes              0/0               0/0        ( 0.0%) 
facebrushlists         189/0             756/0        ( 0.0%) 
leaves                 110/65536        3520/2097152  ( 0.2%) 
leaffaces              189/65536         378/131072   ( 0.3%) 
leafbrushes            104/65536         208/131072   ( 0.2%) 
areas                    2/1024           16/8192     ( 0.2%) 
surfedges              808/512000       3232/2048000  ( 0.2%) 
edges                  417/256000       1668/1024000  ( 0.2%) 
LDR worldlights          2/8192          200/819200   ( 0.0%) 
HDR worldlights          2/8192          200/819200   ( 0.0%) 
leafwaterdata            0/32768           0/393216   ( 0.0%) 
waterstrips              0/32768           0/327680   ( 0.0%) 
waterverts               0/65536           0/786432   ( 0.0%) 
waterindices             0/65536           0/131072   ( 0.0%) 
cubemapsamples           0/1024            0/16384    ( 0.0%) 
overlays                 0/1024            0/360448   ( 0.0%) 
LDR lightdata         [variable]      536424/0        ( 0.0%) 
HDR lightdata         [variable]      536424/0        ( 0.0%) 
visdata               [variable]         404/16777216 ( 0.0%) 
entdata               [variable]         754/393216   ( 0.2%) 
LDR ambient table      110/65536         440/262144   ( 0.2%) 
HDR ambient table      110/65536         440/262144   ( 0.2%) 
LDR leaf ambient       280/65536        7840/1835008  ( 0.4%) 
HDR leaf ambient       280/65536        7840/1835008  ( 0.4%) 
occluders                0/0               0/0        ( 0.0%) 
occluder polygons        0/0               0/0        ( 0.0%) 
occluder vert ind        0/0               0/0        ( 0.0%) 
detail props          [variable]           1/12       ( 8.3%) 
static props          [variable]           1/12       ( 8.3%) 
pakfile               [variable]       74446/0        ( 0.0%) 
physics               [variable]        2695/4194304  ( 0.1%) 
physics terrain       [variable]           2/1048576  ( 0.0%) 

Level flags = 7c

Total triangle count: 406
Writing c:\users\home\desktop\git\sourcemapprojects\csgo\de_promnight.bsp
MSG_FILEWRITE - Filesystem was asked to write to 'c:\users\home\desktop\git\sourcemapprojects\csgo\de_promnight.bsp', but we don't own that location. Allowing.
1 second elapsed



materialPath: D:\Program Files (x86)\Steam\steamapps\common\Counter-Strike Global Offensive\csgo\materials
Loading C:\Users\Home\Desktop\git\SourceMapProjects\CSGO\de_promnight.vmf
Map revision 3
fixing up env_cubemap materials on brush sides...
0...1...2...3...4...5...6...7...8...9...100...1...2...3...4...5...6...7...8...9...10Processing areas...done (0)
Building Faces...done (0)
FixTjuncs...
PruneNodes...
WriteBSP...
done (0)
writing C:\Users\Home\Desktop\git\SourceMapProjects\CSGO\de_promnight.prt...Building visibility clusters...
done (0)
Finding displacement neighbors...
Finding lightmap sample positions...
Displacement Alpha : 0...1...2...3...4...5...6...7...8...9...10
Building Physics collision data...
done (0) (2695 bytes)
Placing detail props : 0...1...2...3...4...5...6...7...8...9...10
Compacting texture/material tables...
Reduced 6 texinfos to 2
Reduced 2 texdatas to 2 (36 bytes to 36)
Writing C:\Users\Home\Desktop\git\SourceMapProjects\CSGO\de_promnight.bsp
MSG_FILEWRITE - Filesystem was asked to write to 'c:\users\home\desktop\git\sourcemapprojects\csgo\de_promnight.bsp', but we don't own that location. Allowing.
1 second elapsed



2 threads
reading c:\users\home\desktop\git\sourcemapprojects\csgo\de_promnight.bsp
reading c:\users\home\desktop\git\sourcemapprojects\csgo\de_promnight.prt
  25 portalclusters
  40 numportals
0...1...2...3...4...5...6...7...8...9...10Optimized: 0 visible clusters (0.00%)
Total clusters visible: 625
Average clusters visible: 25
Building PAS...
Average clusters audible: 25
visdatasize:404  compressed from 400
writing c:\users\home\desktop\git\sourcemapprojects\csgo\de_promnight.bsp
MSG_FILEWRITE - Filesystem was asked to write to 'c:\users\home\desktop\git\sourcemapprojects\csgo\de_promnight.bsp', but we don't own that location. Allowing.
0 seconds elapsed



[Reading texlights from 'lights.rad']
[17 texlights parsed from 'lights.rad']

Loading c:\users\home\desktop\git\sourcemapprojects\csgo\de_promnight.bsp
189 faces
276378 square feet [39798512.00 square inches]
0 Displacements
0 Square Feet [0.00 Square Inches]
189 patches before subdivision
8457 patches after subdivision
2 direct lights
0...1...2...3...4...5...6...7...8...9...100...1...2...3...4...5...6...7...8...9...10transfers 10177, max 264
transfer lists:   0.1 megs
0...1...2...3...4...5...6...7...8...9...10	Bounce #1 added RGB(0, 0, 0)
Build Patch/Sample Hash Table(s).....Done<0.0064 sec>
0...1...2...3...4...5...6...7...8...9...10FinalLightFace Done
0 of 0 (0% of) surface lights went in leaf ambient cubes.
0...1...2...3...4...5...6...7...8...9...10Writing leaf ambient...done
Ready to Finish

Object names       Objects/Maxobjs  Memory / Maxmem  Fullness 
------------       ---------------  ---------------  -------- 
models                   1/1024           48/49152    ( 0.1%) 
brushes                  7/8192           84/98304    ( 0.1%) 
brushsides              42/81920         336/655360   ( 0.1%) 
planes                  56/65536        1120/1310720  ( 0.1%) 
vertexes               226/65536        2712/786432   ( 0.3%) 
nodes                  108/65536        3456/2097152  ( 0.2%) 
texinfos                 2/12288         144/884736   ( 0.0%) 
texdata                  2/4096           64/131072   ( 0.0%) 
dispinfos                0/0               0/0        ( 0.0%) 
disp_verts               0/0               0/0        ( 0.0%) 
disp_tris                0/0               0/0        ( 0.0%) 
disp_multiblend          0/0               0/0        ( 0.0%) 
disp_lmsamples           0/0               0/0        ( 0.0%) 
faces                  189/65536       10584/3670016  ( 0.3%) 
hdr faces                0/65536           0/3670016  ( 0.0%) 
origfaces                6/65536         336/3670016  ( 0.0%) 
facebrushes              0/0               0/0        ( 0.0%) 
facebrushlists         189/0             756/0        ( 0.0%) 
leaves                 110/65536        3520/2097152  ( 0.2%) 
leaffaces              189/65536         378/131072   ( 0.3%) 
leafbrushes            104/65536         208/131072   ( 0.2%) 
areas                    2/1024           16/8192     ( 0.2%) 
surfedges              808/512000       3232/2048000  ( 0.2%) 
edges                  417/256000       1668/1024000  ( 0.2%) 
LDR worldlights          2/8192          200/819200   ( 0.0%) 
HDR worldlights          0/8192            0/819200   ( 0.0%) 
leafwaterdata            0/32768           0/393216   ( 0.0%) 
waterstrips              0/32768           0/327680   ( 0.0%) 
waterverts               0/65536           0/786432   ( 0.0%) 
waterindices             0/65536           0/131072   ( 0.0%) 
cubemapsamples           0/1024            0/16384    ( 0.0%) 
overlays                 0/1024            0/360448   ( 0.0%) 
LDR lightdata         [variable]      536424/0        ( 0.0%) 
HDR lightdata         [variable]           0/0        ( 0.0%) 
visdata               [variable]         404/16777216 ( 0.0%) 
entdata               [variable]         759/393216   ( 0.2%) 
LDR ambient table      110/65536         440/262144   ( 0.2%) 
HDR ambient table      110/65536         440/262144   ( 0.2%) 
LDR leaf ambient       280/65536        7840/1835008  ( 0.4%) 
HDR leaf ambient       110/65536        3080/1835008  ( 0.2%) 
occluders                0/0               0/0        ( 0.0%) 
occluder polygons        0/0               0/0        ( 0.0%) 
occluder vert ind        0/0               0/0        ( 0.0%) 
detail props          [variable]           1/12       ( 8.3%) 
static props          [variable]           1/12       ( 8.3%) 
pakfile               [variable]       74446/0        ( 0.0%) 
physics               [variable]        2695/4194304  ( 0.1%) 
physics terrain       [variable]           2/1048576  ( 0.0%) 

Level flags = 7c

Total triangle count: 406
Writing c:\users\home\desktop\git\sourcemapprojects\csgo\de_promnight.bsp
MSG_FILEWRITE - Filesystem was asked to write to 'c:\users\home\desktop\git\sourcemapprojects\csgo\de_promnight.bsp', but we don't own that location. Allowing.
3 seconds elapsed



[Reading texlights from 'lights.rad']
[17 texlights parsed from 'lights.rad']

Loading c:\users\home\desktop\git\sourcemapprojects\csgo\de_promnight.bsp
189 faces
276378 square feet [39798512.00 square inches]
0 Displacements
0 Square Feet [0.00 Square Inches]
189 patches before subdivision
8457 patches after subdivision
2 direct lights
0...1...2...3...4...5...6...7...8...9...100...1...2...3...4...5...6...7...8...9...10transfers 10177, max 264
transfer lists:   0.1 megs
0...1...2...3...4...5...6...7...8...9...10	Bounce #1 added RGB(0, 0, 0)
Build Patch/Sample Hash Table(s).....Done<0.0065 sec>
0...1...2...3...4...5...6...7...8...9...10FinalLightFace Done
0 of 0 (0% of) surface lights went in leaf ambient cubes.
0...1...2...3...4...5...6...7...8...9...10Writing leaf ambient...done
Ready to Finish

Object names       Objects/Maxobjs  Memory / Maxmem  Fullness 
------------       ---------------  ---------------  -------- 
models                   1/1024           48/49152    ( 0.1%) 
brushes                  7/8192           84/98304    ( 0.1%) 
brushsides              42/81920         336/655360   ( 0.1%) 
planes                  56/65536        1120/1310720  ( 0.1%) 
vertexes               226/65536        2712/786432   ( 0.3%) 
nodes                  108/65536        3456/2097152  ( 0.2%) 
texinfos                 2/12288         144/884736   ( 0.0%) 
texdata                  2/4096           64/131072   ( 0.0%) 
dispinfos                0/0               0/0        ( 0.0%) 
disp_verts               0/0               0/0        ( 0.0%) 
disp_tris                0/0               0/0        ( 0.0%) 
disp_multiblend          0/0               0/0        ( 0.0%) 
disp_lmsamples           0/0               0/0        ( 0.0%) 
faces                  189/65536       10584/3670016  ( 0.3%) 
hdr faces              189/65536       10584/3670016  ( 0.3%) 
origfaces                6/65536         336/3670016  ( 0.0%) 
facebrushes              0/0               0/0        ( 0.0%) 
facebrushlists         189/0             756/0        ( 0.0%) 
leaves                 110/65536        3520/2097152  ( 0.2%) 
leaffaces              189/65536         378/131072   ( 0.3%) 
leafbrushes            104/65536         208/131072   ( 0.2%) 
areas                    2/1024           16/8192     ( 0.2%) 
surfedges              808/512000       3232/2048000  ( 0.2%) 
edges                  417/256000       1668/1024000  ( 0.2%) 
LDR worldlights          2/8192          200/819200   ( 0.0%) 
HDR worldlights          2/8192          200/819200   ( 0.0%) 
leafwaterdata            0/32768           0/393216   ( 0.0%) 
waterstrips              0/32768           0/327680   ( 0.0%) 
waterverts               0/65536           0/786432   ( 0.0%) 
waterindices             0/65536           0/131072   ( 0.0%) 
cubemapsamples           0/1024            0/16384    ( 0.0%) 
overlays                 0/1024            0/360448   ( 0.0%) 
LDR lightdata         [variable]      536424/0        ( 0.0%) 
HDR lightdata         [variable]      536424/0        ( 0.0%) 
visdata               [variable]         404/16777216 ( 0.0%) 
entdata               [variable]         759/393216   ( 0.2%) 
LDR ambient table      110/65536         440/262144   ( 0.2%) 
HDR ambient table      110/65536         440/262144   ( 0.2%) 
LDR leaf ambient       280/65536        7840/1835008  ( 0.4%) 
HDR leaf ambient       280/65536        7840/1835008  ( 0.4%) 
occluders                0/0               0/0        ( 0.0%) 
occluder polygons        0/0               0/0        ( 0.0%) 
occluder vert ind        0/0               0/0        ( 0.0%) 
detail props          [variable]           1/12       ( 8.3%) 
static props          [variable]           1/12       ( 8.3%) 
pakfile               [variable]       74446/0        ( 0.0%) 
physics               [variable]        2695/4194304  ( 0.1%) 
physics terrain       [variable]           2/1048576  ( 0.0%) 

Level flags = 7c

Total triangle count: 406
Writing c:\users\home\desktop\git\sourcemapprojects\csgo\de_promnight.bsp
MSG_FILEWRITE - Filesystem was asked to write to 'c:\users\home\desktop\git\sourcemapprojects\csgo\de_promnight.bsp', but we don't own that location. Allowing.
2 seconds elapsed



materialPath: D:\Program Files (x86)\Steam\steamapps\common\Counter-Strike Global Offensive\csgo\materials
Loading C:\Users\Home\Desktop\git\SourceMapProjects\CSGO\de_promnight.vmf
Map revision 4
fixing up env_cubemap materials on brush sides...
0...1...2...3...4...5...6...7...8...9...100...1...2...3...4...5...6...7...8...9...10Processing areas...done (0)
Building Faces...done (0)
FixTjuncs...
PruneNodes...
WriteBSP...
done (0)
writing C:\Users\Home\Desktop\git\SourceMapProjects\CSGO\de_promnight.prt...Building visibility clusters...
done (0)
Finding displacement neighbors...
Finding lightmap sample positions...
Displacement Alpha : 0...1...2...3...4...5...6...7...8...9...10
Building Physics collision data...
done (0) (2695 bytes)
Placing detail props : 0...1...2...3...4...5...6...7...8...9...10
Compacting texture/material tables...
Reduced 6 texinfos to 2
Reduced 2 texdatas to 2 (36 bytes to 36)
Writing C:\Users\Home\Desktop\git\SourceMapProjects\CSGO\de_promnight.bsp
MSG_FILEWRITE - Filesystem was asked to write to 'c:\users\home\desktop\git\sourcemapprojects\csgo\de_promnight.bsp', but we don't own that location. Allowing.
1 second elapsed



2 threads
reading c:\users\home\desktop\git\sourcemapprojects\csgo\de_promnight.bsp
reading c:\users\home\desktop\git\sourcemapprojects\csgo\de_promnight.prt
  25 portalclusters
  40 numportals
0...1...2...3...4...5...6...7...8...9...10Optimized: 0 visible clusters (0.00%)
Total clusters visible: 625
Average clusters visible: 25
Building PAS...
Average clusters audible: 25
visdatasize:404  compressed from 400
writing c:\users\home\desktop\git\sourcemapprojects\csgo\de_promnight.bsp
MSG_FILEWRITE - Filesystem was asked to write to 'c:\users\home\desktop\git\sourcemapprojects\csgo\de_promnight.bsp', but we don't own that location. Allowing.
0 seconds elapsed



[Reading texlights from 'lights.rad']
[17 texlights parsed from 'lights.rad']

Loading c:\users\home\desktop\git\sourcemapprojects\csgo\de_promnight.bsp
189 faces
276378 square feet [39798512.00 square inches]
0 Displacements
0 Square Feet [0.00 Square Inches]
189 patches before subdivision
8457 patches after subdivision
2 direct lights
0...1...2...3...4...5...6...7...8...9...100...1...2...3...4...5...6...7...8...9...10transfers 10177, max 264
transfer lists:   0.1 megs
0...1...2...3...4...5...6...7...8...9...10	Bounce #1 added RGB(0, 0, 0)
Build Patch/Sample Hash Table(s).....Done<0.0062 sec>
0...1...2...3...4...5...6...7...8...9...10FinalLightFace Done
0 of 0 (0% of) surface lights went in leaf ambient cubes.
0...1...2...3...4...5...6...7...8...9...10Writing leaf ambient...done
Ready to Finish

Object names       Objects/Maxobjs  Memory / Maxmem  Fullness 
------------       ---------------  ---------------  -------- 
models                   1/1024           48/49152    ( 0.1%) 
brushes                  7/8192           84/98304    ( 0.1%) 
brushsides              42/81920         336/655360   ( 0.1%) 
planes                  56/65536        1120/1310720  ( 0.1%) 
vertexes               226/65536        2712/786432   ( 0.3%) 
nodes                  108/65536        3456/2097152  ( 0.2%) 
texinfos                 2/12288         144/884736   ( 0.0%) 
texdata                  2/4096           64/131072   ( 0.0%) 
dispinfos                0/0               0/0        ( 0.0%) 
disp_verts               0/0               0/0        ( 0.0%) 
disp_tris                0/0               0/0        ( 0.0%) 
disp_multiblend          0/0               0/0        ( 0.0%) 
disp_lmsamples           0/0               0/0        ( 0.0%) 
faces                  189/65536       10584/3670016  ( 0.3%) 
hdr faces                0/65536           0/3670016  ( 0.0%) 
origfaces                6/65536         336/3670016  ( 0.0%) 
facebrushes              0/0               0/0        ( 0.0%) 
facebrushlists         189/0             756/0        ( 0.0%) 
leaves                 110/65536        3520/2097152  ( 0.2%) 
leaffaces              189/65536         378/131072   ( 0.3%) 
leafbrushes            104/65536         208/131072   ( 0.2%) 
areas                    2/1024           16/8192     ( 0.2%) 
surfedges              808/512000       3232/2048000  ( 0.2%) 
edges                  417/256000       1668/1024000  ( 0.2%) 
LDR worldlights          2/8192          200/819200   ( 0.0%) 
HDR worldlights          0/8192            0/819200   ( 0.0%) 
leafwaterdata            0/32768           0/393216   ( 0.0%) 
waterstrips              0/32768           0/327680   ( 0.0%) 
waterverts               0/65536           0/786432   ( 0.0%) 
waterindices             0/65536           0/131072   ( 0.0%) 
cubemapsamples           0/1024            0/16384    ( 0.0%) 
overlays                 0/1024            0/360448   ( 0.0%) 
LDR lightdata         [variable]      536424/0        ( 0.0%) 
HDR lightdata         [variable]           0/0        ( 0.0%) 
visdata               [variable]         404/16777216 ( 0.0%) 
entdata               [variable]         768/393216   ( 0.2%) 
LDR ambient table      110/65536         440/262144   ( 0.2%) 
HDR ambient table      110/65536         440/262144   ( 0.2%) 
LDR leaf ambient       349/65536        9772/1835008  ( 0.5%) 
HDR leaf ambient       110/65536        3080/1835008  ( 0.2%) 
occluders                0/0               0/0        ( 0.0%) 
occluder polygons        0/0               0/0        ( 0.0%) 
occluder vert ind        0/0               0/0        ( 0.0%) 
detail props          [variable]           1/12       ( 8.3%) 
static props          [variable]           1/12       ( 8.3%) 
pakfile               [variable]       74446/0        ( 0.0%) 
physics               [variable]        2695/4194304  ( 0.1%) 
physics terrain       [variable]           2/1048576  ( 0.0%) 

Level flags = 7c

Total triangle count: 406
Writing c:\users\home\desktop\git\sourcemapprojects\csgo\de_promnight.bsp
MSG_FILEWRITE - Filesystem was asked to write to 'c:\users\home\desktop\git\sourcemapprojects\csgo\de_promnight.bsp', but we don't own that location. Allowing.
2 seconds elapsed



[Reading texlights from 'lights.rad']
[17 texlights parsed from 'lights.rad']

Loading c:\users\home\desktop\git\sourcemapprojects\csgo\de_promnight.bsp
189 faces
276378 square feet [39798512.00 square inches]
0 Displacements
0 Square Feet [0.00 Square Inches]
189 patches before subdivision
8457 patches after subdivision
2 direct lights
0...1...2...3...4...5...6...7...8...9...100...1...2...3...4...5...6...7...8...9...10transfers 10177, max 264
transfer lists:   0.1 megs
0...1...2...3...4...5...6...7...8...9...10	Bounce #1 added RGB(0, 0, 0)
Build Patch/Sample Hash Table(s).....Done<0.0069 sec>
0...1...2...3...4...5...6...7...8...9...10FinalLightFace Done
0 of 0 (0% of) surface lights went in leaf ambient cubes.
0...1...2...3...4...5...6...7...8...9...10Writing leaf ambient...done
Ready to Finish

Object names       Objects/Maxobjs  Memory / Maxmem  Fullness 
------------       ---------------  ---------------  -------- 
models                   1/1024           48/49152    ( 0.1%) 
brushes                  7/8192           84/98304    ( 0.1%) 
brushsides              42/81920         336/655360   ( 0.1%) 
planes                  56/65536        1120/1310720  ( 0.1%) 
vertexes               226/65536        2712/786432   ( 0.3%) 
nodes                  108/65536        3456/2097152  ( 0.2%) 
texinfos                 2/12288         144/884736   ( 0.0%) 
texdata                  2/4096           64/131072   ( 0.0%) 
dispinfos                0/0               0/0        ( 0.0%) 
disp_verts               0/0               0/0        ( 0.0%) 
disp_tris                0/0               0/0        ( 0.0%) 
disp_multiblend          0/0               0/0        ( 0.0%) 
disp_lmsamples           0/0               0/0        ( 0.0%) 
faces                  189/65536       10584/3670016  ( 0.3%) 
hdr faces              189/65536       10584/3670016  ( 0.3%) 
origfaces                6/65536         336/3670016  ( 0.0%) 
facebrushes              0/0               0/0        ( 0.0%) 
facebrushlists         189/0             756/0        ( 0.0%) 
leaves                 110/65536        3520/2097152  ( 0.2%) 
leaffaces              189/65536         378/131072   ( 0.3%) 
leafbrushes            104/65536         208/131072   ( 0.2%) 
areas                    2/1024           16/8192     ( 0.2%) 
surfedges              808/512000       3232/2048000  ( 0.2%) 
edges                  417/256000       1668/1024000  ( 0.2%) 
LDR worldlights          2/8192          200/819200   ( 0.0%) 
HDR worldlights          2/8192          200/819200   ( 0.0%) 
leafwaterdata            0/32768           0/393216   ( 0.0%) 
waterstrips              0/32768           0/327680   ( 0.0%) 
waterverts               0/65536           0/786432   ( 0.0%) 
waterindices             0/65536           0/131072   ( 0.0%) 
cubemapsamples           0/1024            0/16384    ( 0.0%) 
overlays                 0/1024            0/360448   ( 0.0%) 
LDR lightdata         [variable]      536424/0        ( 0.0%) 
HDR lightdata         [variable]      536424/0        ( 0.0%) 
visdata               [variable]         404/16777216 ( 0.0%) 
entdata               [variable]         768/393216   ( 0.2%) 
LDR ambient table      110/65536         440/262144   ( 0.2%) 
HDR ambient table      110/65536         440/262144   ( 0.2%) 
LDR leaf ambient       349/65536        9772/1835008  ( 0.5%) 
HDR leaf ambient       349/65536        9772/1835008  ( 0.5%) 
occluders                0/0               0/0        ( 0.0%) 
occluder polygons        0/0               0/0        ( 0.0%) 
occluder vert ind        0/0               0/0        ( 0.0%) 
detail props          [variable]           1/12       ( 8.3%) 
static props          [variable]           1/12       ( 8.3%) 
pakfile               [variable]       74446/0        ( 0.0%) 
physics               [variable]        2695/4194304  ( 0.1%) 
physics terrain       [variable]           2/1048576  ( 0.0%) 

Level flags = 7c

Total triangle count: 406
Writing c:\users\home\desktop\git\sourcemapprojects\csgo\de_promnight.bsp
MSG_FILEWRITE - Filesystem was asked to write to 'c:\users\home\desktop\git\sourcemapprojects\csgo\de_promnight.bsp', but we don't own that location. Allowing.
2 seconds elapsed



materialPath: D:\Program Files (x86)\Steam\steamapps\common\Counter-Strike Global Offensive\csgo\materials
Loading C:\Users\Home\Desktop\git\SourceMapProjects\CSGO\de_promnight.vmf
Map revision 5
fixing up env_cubemap materials on brush sides...
0...1...2...3...4...5...6...7...8...9...100...1...2...3...4...5...6...7...8...9...10Processing areas...done (0)
Building Faces...done (0)
FixTjuncs...
PruneNodes...
WriteBSP...
done (0)
writing C:\Users\Home\Desktop\git\SourceMapProjects\CSGO\de_promnight.prt...Building visibility clusters...
done (0)
Finding displacement neighbors...
Finding lightmap sample positions...
Displacement Alpha : 0...1...2...3...4...5...6...7...8...9...10
Building Physics collision data...
done (0) (2695 bytes)
Placing detail props : 0...1...2...3...4...5...6...7...8...9...10
Compacting texture/material tables...
Reduced 6 texinfos to 2
Reduced 2 texdatas to 2 (36 bytes to 36)
Writing C:\Users\Home\Desktop\git\SourceMapProjects\CSGO\de_promnight.bsp
MSG_FILEWRITE - Filesystem was asked to write to 'c:\users\home\desktop\git\sourcemapprojects\csgo\de_promnight.bsp', but we don't own that location. Allowing.
1 second elapsed



2 threads
reading c:\users\home\desktop\git\sourcemapprojects\csgo\de_promnight.bsp
reading c:\users\home\desktop\git\sourcemapprojects\csgo\de_promnight.prt
  25 portalclusters
  40 numportals
0...1...2...3...4...5...6...7...8...9...10Optimized: 0 visible clusters (0.00%)
Total clusters visible: 625
Average clusters visible: 25
Building PAS...
Average clusters audible: 25
visdatasize:404  compressed from 400
writing c:\users\home\desktop\git\sourcemapprojects\csgo\de_promnight.bsp
MSG_FILEWRITE - Filesystem was asked to write to 'c:\users\home\desktop\git\sourcemapprojects\csgo\de_promnight.bsp', but we don't own that location. Allowing.
0 seconds elapsed



[Reading texlights from 'lights.rad']
[17 texlights parsed from 'lights.rad']

Loading c:\users\home\desktop\git\sourcemapprojects\csgo\de_promnight.bsp
189 faces
276378 square feet [39798512.00 square inches]
0 Displacements
0 Square Feet [0.00 Square Inches]
189 patches before subdivision
8457 patches after subdivision
2 direct lights
0...1...2...3...4...5...6...7...8...9...100...1...2...3...4...5...6...7...8...9...10transfers 10177, max 264
transfer lists:   0.1 megs
0...1...2...3...4...5...6...7...8...9...10	Bounce #1 added RGB(0, 0, 0)
Build Patch/Sample Hash Table(s).....Done<0.0061 sec>
0...1...2...3...4...5...6...7...8...9...10FinalLightFace Done
0 of 0 (0% of) surface lights went in leaf ambient cubes.
0...1...2...3...4...5...6...7...8...9...10Writing leaf ambient...done
Ready to Finish

Object names       Objects/Maxobjs  Memory / Maxmem  Fullness 
------------       ---------------  ---------------  -------- 
models                   1/1024           48/49152    ( 0.1%) 
brushes                  7/8192           84/98304    ( 0.1%) 
brushsides              42/81920         336/655360   ( 0.1%) 
planes                  56/65536        1120/1310720  ( 0.1%) 
vertexes               226/65536        2712/786432   ( 0.3%) 
nodes                  108/65536        3456/2097152  ( 0.2%) 
texinfos                 2/12288         144/884736   ( 0.0%) 
texdata                  2/4096           64/131072   ( 0.0%) 
dispinfos                0/0               0/0        ( 0.0%) 
disp_verts               0/0               0/0        ( 0.0%) 
disp_tris                0/0               0/0        ( 0.0%) 
disp_multiblend          0/0               0/0        ( 0.0%) 
disp_lmsamples           0/0               0/0        ( 0.0%) 
faces                  189/65536       10584/3670016  ( 0.3%) 
hdr faces                0/65536           0/3670016  ( 0.0%) 
origfaces                6/65536         336/3670016  ( 0.0%) 
facebrushes              0/0               0/0        ( 0.0%) 
facebrushlists         189/0             756/0        ( 0.0%) 
leaves                 110/65536        3520/2097152  ( 0.2%) 
leaffaces              189/65536         378/131072   ( 0.3%) 
leafbrushes            104/65536         208/131072   ( 0.2%) 
areas                    2/1024           16/8192     ( 0.2%) 
surfedges              808/512000       3232/2048000  ( 0.2%) 
edges                  417/256000       1668/1024000  ( 0.2%) 
LDR worldlights          2/8192          200/819200   ( 0.0%) 
HDR worldlights          0/8192            0/819200   ( 0.0%) 
leafwaterdata            0/32768           0/393216   ( 0.0%) 
waterstrips              0/32768           0/327680   ( 0.0%) 
waterverts               0/65536           0/786432   ( 0.0%) 
waterindices             0/65536           0/131072   ( 0.0%) 
cubemapsamples           0/1024            0/16384    ( 0.0%) 
overlays                 0/1024            0/360448   ( 0.0%) 
LDR lightdata         [variable]      536424/0        ( 0.0%) 
HDR lightdata         [variable]           0/0        ( 0.0%) 
visdata               [variable]         404/16777216 ( 0.0%) 
entdata               [variable]         767/393216   ( 0.2%) 
LDR ambient table      110/65536         440/262144   ( 0.2%) 
HDR ambient table      110/65536         440/262144   ( 0.2%) 
LDR leaf ambient       309/65536        8652/1835008  ( 0.5%) 
HDR leaf ambient       110/65536        3080/1835008  ( 0.2%) 
occluders                0/0               0/0        ( 0.0%) 
occluder polygons        0/0               0/0        ( 0.0%) 
occluder vert ind        0/0               0/0        ( 0.0%) 
detail props          [variable]           1/12       ( 8.3%) 
static props          [variable]           1/12       ( 8.3%) 
pakfile               [variable]       74446/0        ( 0.0%) 
physics               [variable]        2695/4194304  ( 0.1%) 
physics terrain       [variable]           2/1048576  ( 0.0%) 

Level flags = 7c

Total triangle count: 406
Writing c:\users\home\desktop\git\sourcemapprojects\csgo\de_promnight.bsp
MSG_FILEWRITE - Filesystem was asked to write to 'c:\users\home\desktop\git\sourcemapprojects\csgo\de_promnight.bsp', but we don't own that location. Allowing.
3 seconds elapsed



[Reading texlights from 'lights.rad']
[17 texlights parsed from 'lights.rad']

Loading c:\users\home\desktop\git\sourcemapprojects\csgo\de_promnight.bsp
189 faces
276378 square feet [39798512.00 square inches]
0 Displacements
0 Square Feet [0.00 Square Inches]
189 patches before subdivision
8457 patches after subdivision
2 direct lights
0...1...2...3...4...5...6...7...8...9...100...1...2...3...4...5...6...7...8...9...10transfers 10177, max 264
transfer lists:   0.1 megs
0...1...2...3...4...5...6...7...8...9...10	Bounce #1 added RGB(0, 0, 0)
Build Patch/Sample Hash Table(s).....Done<0.0064 sec>
0...1...2...3...4...5...6...7...8...9...10FinalLightFace Done
0 of 0 (0% of) surface lights went in leaf ambient cubes.
0...1...2...3...4...5...6...7...8...9...10Writing leaf ambient...done
Ready to Finish

Object names       Objects/Maxobjs  Memory / Maxmem  Fullness 
------------       ---------------  ---------------  -------- 
models                   1/1024           48/49152    ( 0.1%) 
brushes                  7/8192           84/98304    ( 0.1%) 
brushsides              42/81920         336/655360   ( 0.1%) 
planes                  56/65536        1120/1310720  ( 0.1%) 
vertexes               226/65536        2712/786432   ( 0.3%) 
nodes                  108/65536        3456/2097152  ( 0.2%) 
texinfos                 2/12288         144/884736   ( 0.0%) 
texdata                  2/4096           64/131072   ( 0.0%) 
dispinfos                0/0               0/0        ( 0.0%) 
disp_verts               0/0               0/0        ( 0.0%) 
disp_tris                0/0               0/0        ( 0.0%) 
disp_multiblend          0/0               0/0        ( 0.0%) 
disp_lmsamples           0/0               0/0        ( 0.0%) 
faces                  189/65536       10584/3670016  ( 0.3%) 
hdr faces              189/65536       10584/3670016  ( 0.3%) 
origfaces                6/65536         336/3670016  ( 0.0%) 
facebrushes              0/0               0/0        ( 0.0%) 
facebrushlists         189/0             756/0        ( 0.0%) 
leaves                 110/65536        3520/2097152  ( 0.2%) 
leaffaces              189/65536         378/131072   ( 0.3%) 
leafbrushes            104/65536         208/131072   ( 0.2%) 
areas                    2/1024           16/8192     ( 0.2%) 
surfedges              808/512000       3232/2048000  ( 0.2%) 
edges                  417/256000       1668/1024000  ( 0.2%) 
LDR worldlights          2/8192          200/819200   ( 0.0%) 
HDR worldlights          2/8192          200/819200   ( 0.0%) 
leafwaterdata            0/32768           0/393216   ( 0.0%) 
waterstrips              0/32768           0/327680   ( 0.0%) 
waterverts               0/65536           0/786432   ( 0.0%) 
waterindices             0/65536           0/131072   ( 0.0%) 
cubemapsamples           0/1024            0/16384    ( 0.0%) 
overlays                 0/1024            0/360448   ( 0.0%) 
LDR lightdata         [variable]      536424/0        ( 0.0%) 
HDR lightdata         [variable]      536424/0        ( 0.0%) 
visdata               [variable]         404/16777216 ( 0.0%) 
entdata               [variable]         767/393216   ( 0.2%) 
LDR ambient table      110/65536         440/262144   ( 0.2%) 
HDR ambient table      110/65536         440/262144   ( 0.2%) 
LDR leaf ambient       309/65536        8652/1835008  ( 0.5%) 
HDR leaf ambient       309/65536        8652/1835008  ( 0.5%) 
occluders                0/0               0/0        ( 0.0%) 
occluder polygons        0/0               0/0        ( 0.0%) 
occluder vert ind        0/0               0/0        ( 0.0%) 
detail props          [variable]           1/12       ( 8.3%) 
static props          [variable]           1/12       ( 8.3%) 
pakfile               [variable]       74446/0        ( 0.0%) 
physics               [variable]        2695/4194304  ( 0.1%) 
physics terrain       [variable]           2/1048576  ( 0.0%) 

Level flags = 7c

Total triangle count: 406
Writing c:\users\home\desktop\git\sourcemapprojects\csgo\de_promnight.bsp
MSG_FILEWRITE - Filesystem was asked to write to 'c:\users\home\desktop\git\sourcemapprojects\csgo\de_promnight.bsp', but we don't own that location. Allowing.
2 seconds elapsed



materialPath: D:\Program Files (x86)\Steam\steamapps\common\Counter-Strike Global Offensive\csgo\materials
Loading C:\Users\Home\Desktop\git\SourceMapProjects\CSGO\de_promnight.vmf
Map revision 6
Patching WVT material: maps/de_promnight/de_nuke/nukblenddirtgrass_wvt_patch
fixing up env_cubemap materials on brush sides...
0...1...2...3...4...5...6...7...8...9...100...1...2...3...4...5...6...7...8...9...10Processing areas...done (0)
Building Faces...done (0)
FixTjuncs...
PruneNodes...
WriteBSP...
done (0)
writing C:\Users\Home\Desktop\git\SourceMapProjects\CSGO\de_promnight.prt...Building visibility clusters...
done (0)
Finding displacement neighbors...
Finding lightmap sample positions...
Displacement Alpha : 0...1...2...3...4...5...6...7...8...9...10
Building Physics collision data...
done (0) (2691 bytes)
Placing detail props : 0...1...2...3...4...5...6...7...8...9...10
Compacting texture/material tables...
Reduced 9 texinfos to 2
Reduced 3 texdatas to 2 (98 bytes to 72)
Writing C:\Users\Home\Desktop\git\SourceMapProjects\CSGO\de_promnight.bsp
MSG_FILEWRITE - Filesystem was asked to write to 'c:\users\home\desktop\git\sourcemapprojects\csgo\de_promnight.bsp', but we don't own that location. Allowing.
2 seconds elapsed



2 threads
reading c:\users\home\desktop\git\sourcemapprojects\csgo\de_promnight.bsp
reading c:\users\home\desktop\git\sourcemapprojects\csgo\de_promnight.prt
  25 portalclusters
  40 numportals
0...1...2...3...4...5...6...7...8...9...10Optimized: 0 visible clusters (0.00%)
Total clusters visible: 625
Average clusters visible: 25
Building PAS...
Average clusters audible: 25
visdatasize:404  compressed from 400
writing c:\users\home\desktop\git\sourcemapprojects\csgo\de_promnight.bsp
MSG_FILEWRITE - Filesystem was asked to write to 'c:\users\home\desktop\git\sourcemapprojects\csgo\de_promnight.bsp', but we don't own that location. Allowing.
0 seconds elapsed



[Reading texlights from 'lights.rad']
[17 texlights parsed from 'lights.rad']

Loading c:\users\home\desktop\git\sourcemapprojects\csgo\de_promnight.bsp
189 faces
276309 square feet [39788528.00 square inches]
0 Displacements
0 Square Feet [0.00 Square Inches]
189 patches before subdivision
8457 patches after subdivision
2 direct lights
0...1...2...3...4...5...6...7...8...9...100...1...2...3...4...5...6...7...8...9...10transfers 10179, max 264
transfer lists:   0.1 megs
0...1...2...3...4...5...6...7...8...9...10	Bounce #1 added RGB(0, 0, 0)
Build Patch/Sample Hash Table(s).....Done<0.0102 sec>
0...1...2...3...4...5...6...7...8...9...10FinalLightFace Done
0 of 0 (0% of) surface lights went in leaf ambient cubes.
0...1...2...3...4...5...6...7...8...9...10Writing leaf ambient...done
Ready to Finish

Object names       Objects/Maxobjs  Memory / Maxmem  Fullness 
------------       ---------------  ---------------  -------- 
models                   1/1024           48/49152    ( 0.1%) 
brushes                  7/8192           84/98304    ( 0.1%) 
brushsides              42/81920         336/655360   ( 0.1%) 
planes                  58/65536        1160/1310720  ( 0.1%) 
vertexes               226/65536        2712/786432   ( 0.3%) 
nodes                  108/65536        3456/2097152  ( 0.2%) 
texinfos                 2/12288         144/884736   ( 0.0%) 
texdata                  2/4096           64/131072   ( 0.0%) 
dispinfos                0/0               0/0        ( 0.0%) 
disp_verts               0/0               0/0        ( 0.0%) 
disp_tris                0/0               0/0        ( 0.0%) 
disp_multiblend          0/0               0/0        ( 0.0%) 
disp_lmsamples           0/0               0/0        ( 0.0%) 
faces                  189/65536       10584/3670016  ( 0.3%) 
hdr faces                0/65536           0/3670016  ( 0.0%) 
origfaces                6/65536         336/3670016  ( 0.0%) 
facebrushes              0/0               0/0        ( 0.0%) 
facebrushlists         189/0             756/0        ( 0.0%) 
leaves                 110/65536        3520/2097152  ( 0.2%) 
leaffaces              189/65536         378/131072   ( 0.3%) 
leafbrushes            115/65536         230/131072   ( 0.2%) 
areas                    2/1024           16/8192     ( 0.2%) 
surfedges              808/512000       3232/2048000  ( 0.2%) 
edges                  417/256000       1668/1024000  ( 0.2%) 
LDR worldlights          2/8192          200/819200   ( 0.0%) 
HDR worldlights          0/8192            0/819200   ( 0.0%) 
leafwaterdata            0/32768           0/393216   ( 0.0%) 
waterstrips              0/32768           0/327680   ( 0.0%) 
waterverts               0/65536           0/786432   ( 0.0%) 
waterindices             0/65536           0/131072   ( 0.0%) 
cubemapsamples           0/1024            0/16384    ( 0.0%) 
overlays                 0/1024            0/360448   ( 0.0%) 
LDR lightdata         [variable]      536424/0        ( 0.0%) 
HDR lightdata         [variable]           0/0        ( 0.0%) 
visdata               [variable]         404/16777216 ( 0.0%) 
entdata               [variable]         755/393216   ( 0.2%) 
LDR ambient table      110/65536         440/262144   ( 0.2%) 
HDR ambient table      110/65536         440/262144   ( 0.2%) 
LDR leaf ambient       312/65536        8736/1835008  ( 0.5%) 
HDR leaf ambient       110/65536        3080/1835008  ( 0.2%) 
occluders                0/0               0/0        ( 0.0%) 
occluder polygons        0/0               0/0        ( 0.0%) 
occluder vert ind        0/0               0/0        ( 0.0%) 
detail props          [variable]           1/12       ( 8.3%) 
static props          [variable]           1/12       ( 8.3%) 
pakfile               [variable]       74750/0        ( 0.0%) 
physics               [variable]        2691/4194304  ( 0.1%) 
physics terrain       [variable]           2/1048576  ( 0.0%) 

Level flags = 7c

Total triangle count: 406
Writing c:\users\home\desktop\git\sourcemapprojects\csgo\de_promnight.bsp
MSG_FILEWRITE - Filesystem was asked to write to 'c:\users\home\desktop\git\sourcemapprojects\csgo\de_promnight.bsp', but we don't own that location. Allowing.
3 seconds elapsed



[Reading texlights from 'lights.rad']
[17 texlights parsed from 'lights.rad']

Loading c:\users\home\desktop\git\sourcemapprojects\csgo\de_promnight.bsp
189 faces
276309 square feet [39788528.00 square inches]
0 Displacements
0 Square Feet [0.00 Square Inches]
189 patches before subdivision
8457 patches after subdivision
2 direct lights
0...1...2...3...4...5...6...7...8...9...100...1...2...3...4...5...6...7...8...9...10transfers 10179, max 264
transfer lists:   0.1 megs
0...1...2...3...4...5...6...7...8...9...10	Bounce #1 added RGB(0, 0, 0)
Build Patch/Sample Hash Table(s).....Done<0.0066 sec>
0...1...2...3...4...5...6...7...8...9...10FinalLightFace Done
0 of 0 (0% of) surface lights went in leaf ambient cubes.
0...1...2...3...4...5...6...7...8...9...10Writing leaf ambient...done
Ready to Finish

Object names       Objects/Maxobjs  Memory / Maxmem  Fullness 
------------       ---------------  ---------------  -------- 
models                   1/1024           48/49152    ( 0.1%) 
brushes                  7/8192           84/98304    ( 0.1%) 
brushsides              42/81920         336/655360   ( 0.1%) 
planes                  58/65536        1160/1310720  ( 0.1%) 
vertexes               226/65536        2712/786432   ( 0.3%) 
nodes                  108/65536        3456/2097152  ( 0.2%) 
texinfos                 2/12288         144/884736   ( 0.0%) 
texdata                  2/4096           64/131072   ( 0.0%) 
dispinfos                0/0               0/0        ( 0.0%) 
disp_verts               0/0               0/0        ( 0.0%) 
disp_tris                0/0               0/0        ( 0.0%) 
disp_multiblend          0/0               0/0        ( 0.0%) 
disp_lmsamples           0/0               0/0        ( 0.0%) 
faces                  189/65536       10584/3670016  ( 0.3%) 
hdr faces              189/65536       10584/3670016  ( 0.3%) 
origfaces                6/65536         336/3670016  ( 0.0%) 
facebrushes              0/0               0/0        ( 0.0%) 
facebrushlists         189/0             756/0        ( 0.0%) 
leaves                 110/65536        3520/2097152  ( 0.2%) 
leaffaces              189/65536         378/131072   ( 0.3%) 
leafbrushes            115/65536         230/131072   ( 0.2%) 
areas                    2/1024           16/8192     ( 0.2%) 
surfedges              808/512000       3232/2048000  ( 0.2%) 
edges                  417/256000       1668/1024000  ( 0.2%) 
LDR worldlights          2/8192          200/819200   ( 0.0%) 
HDR worldlights          2/8192          200/819200   ( 0.0%) 
leafwaterdata            0/32768           0/393216   ( 0.0%) 
waterstrips              0/32768           0/327680   ( 0.0%) 
waterverts               0/65536           0/786432   ( 0.0%) 
waterindices             0/65536           0/131072   ( 0.0%) 
cubemapsamples           0/1024            0/16384    ( 0.0%) 
overlays                 0/1024            0/360448   ( 0.0%) 
LDR lightdata         [variable]      536424/0        ( 0.0%) 
HDR lightdata         [variable]      536424/0        ( 0.0%) 
visdata               [variable]         404/16777216 ( 0.0%) 
entdata               [variable]         755/393216   ( 0.2%) 
LDR ambient table      110/65536         440/262144   ( 0.2%) 
HDR ambient table      110/65536         440/262144   ( 0.2%) 
LDR leaf ambient       312/65536        8736/1835008  ( 0.5%) 
HDR leaf ambient       312/65536        8736/1835008  ( 0.5%) 
occluders                0/0               0/0        ( 0.0%) 
occluder polygons        0/0               0/0        ( 0.0%) 
occluder vert ind        0/0               0/0        ( 0.0%) 
detail props          [variable]           1/12       ( 8.3%) 
static props          [variable]           1/12       ( 8.3%) 
pakfile               [variable]       74750/0        ( 0.0%) 
physics               [variable]        2691/4194304  ( 0.1%) 
physics terrain       [variable]           2/1048576  ( 0.0%) 

Level flags = 7c

Total triangle count: 406
Writing c:\users\home\desktop\git\sourcemapprojects\csgo\de_promnight.bsp
MSG_FILEWRITE - Filesystem was asked to write to 'c:\users\home\desktop\git\sourcemapprojects\csgo\de_promnight.bsp', but we don't own that location. Allowing.
3 seconds elapsed
